mode: set
github.com/jzbruno/terraconf/pkg/terraconf/print.go:23.43,25.2 1 1
github.com/jzbruno/terraconf/pkg/terraconf/print.go:29.73,32.25 2 1
github.com/jzbruno/terraconf/pkg/terraconf/print.go:37.2,37.14 1 1
github.com/jzbruno/terraconf/pkg/terraconf/print.go:32.25,35.3 2 1
github.com/jzbruno/terraconf/pkg/terraconf/print.go:40.45,41.25 1 1
github.com/jzbruno/terraconf/pkg/terraconf/print.go:50.2,50.14 1 1
github.com/jzbruno/terraconf/pkg/terraconf/print.go:42.14,43.14 1 1
github.com/jzbruno/terraconf/pkg/terraconf/print.go:44.12,45.14 1 1
github.com/jzbruno/terraconf/pkg/terraconf/print.go:46.38,47.14 1 1
github.com/jzbruno/terraconf/pkg/terraconf/print.go:53.63,54.30 1 1
github.com/jzbruno/terraconf/pkg/terraconf/print.go:65.2,65.18 1 1
github.com/jzbruno/terraconf/pkg/terraconf/print.go:55.14,57.26 1 1
github.com/jzbruno/terraconf/pkg/terraconf/print.go:58.12,59.34 1 1
github.com/jzbruno/terraconf/pkg/terraconf/print.go:60.38,61.30 1 1
github.com/jzbruno/terraconf/pkg/terraconf/print.go:68.57,69.27 1 1
github.com/jzbruno/terraconf/pkg/terraconf/print.go:77.2,77.8 1 1
github.com/jzbruno/terraconf/pkg/terraconf/print.go:69.27,71.34 2 1
github.com/jzbruno/terraconf/pkg/terraconf/print.go:74.3,74.13 1 1
github.com/jzbruno/terraconf/pkg/terraconf/print.go:71.34,73.4 1 1
github.com/jzbruno/terraconf/pkg/terraconf/print.go:80.73,84.32 2 1
github.com/jzbruno/terraconf/pkg/terraconf/print.go:88.2,88.39 1 1
github.com/jzbruno/terraconf/pkg/terraconf/print.go:84.32,86.3 1 1
github.com/jzbruno/terraconf/pkg/terraconf/print.go:91.82,94.25 2 1
github.com/jzbruno/terraconf/pkg/terraconf/print.go:98.2,100.10 2 1
github.com/jzbruno/terraconf/pkg/terraconf/print.go:94.25,96.3 1 1
github.com/jzbruno/terraconf/pkg/terraconf/print.go:103.78,106.22 2 1
github.com/jzbruno/terraconf/pkg/terraconf/print.go:114.2,116.10 2 1
github.com/jzbruno/terraconf/pkg/terraconf/print.go:106.22,107.21 1 1
github.com/jzbruno/terraconf/pkg/terraconf/print.go:107.21,109.4 1 1
github.com/jzbruno/terraconf/pkg/terraconf/print.go:109.4,111.4 1 0
github.com/jzbruno/terraconf/pkg/terraconf/print.go:119.73,122.32 2 1
github.com/jzbruno/terraconf/pkg/terraconf/print.go:144.2,144.10 1 1
github.com/jzbruno/terraconf/pkg/terraconf/print.go:123.21,126.38 1 1
github.com/jzbruno/terraconf/pkg/terraconf/print.go:133.30,136.17 1 1
github.com/jzbruno/terraconf/pkg/terraconf/print.go:139.10,141.48 1 1
github.com/jzbruno/terraconf/pkg/terraconf/print.go:126.38,128.4 1 1
github.com/jzbruno/terraconf/pkg/terraconf/print.go:128.4,129.27 1 0
github.com/jzbruno/terraconf/pkg/terraconf/print.go:129.27,131.5 1 0
github.com/jzbruno/terraconf/pkg/terraconf/print.go:136.17,138.4 1 1
github.com/jzbruno/terraconf/pkg/terraconf/print.go:160.36,162.16 2 1
github.com/jzbruno/terraconf/pkg/terraconf/print.go:166.2,166.18 1 1
github.com/jzbruno/terraconf/pkg/terraconf/print.go:162.16,164.3 1 0
github.com/jzbruno/terraconf/pkg/terraconf/print.go:175.128,189.33 5 1
github.com/jzbruno/terraconf/pkg/terraconf/print.go:196.2,197.27 2 1
github.com/jzbruno/terraconf/pkg/terraconf/print.go:200.2,202.43 2 1
github.com/jzbruno/terraconf/pkg/terraconf/print.go:220.2,224.24 3 1
github.com/jzbruno/terraconf/pkg/terraconf/print.go:189.33,190.40 1 0
github.com/jzbruno/terraconf/pkg/terraconf/print.go:190.40,192.4 1 0
github.com/jzbruno/terraconf/pkg/terraconf/print.go:197.27,199.3 1 1
github.com/jzbruno/terraconf/pkg/terraconf/print.go:202.43,203.38 1 1
github.com/jzbruno/terraconf/pkg/terraconf/print.go:207.3,212.34 4 1
github.com/jzbruno/terraconf/pkg/terraconf/print.go:217.3,217.48 1 1
github.com/jzbruno/terraconf/pkg/terraconf/print.go:203.38,204.12 1 1
github.com/jzbruno/terraconf/pkg/terraconf/print.go:212.34,214.12 2 0
